<?xml version="1.0" encoding="UTF-8"?>
<!-- Generated by org.testng.reporters.JUnitXMLReporter -->
<testsuite ignored="6" hostname="LTIN282895" failures="0" tests="5" name="EdgeTest" time="74.395" errors="0" timestamp="2024-03-04T17:21:30 IST">
  <testcase classname="TestCase.TC001_UpBikeDetails" name="clickNewBikes" time="9.641"/>
  <testcase classname="TestCase.TC001_UpBikeDetails" name="clickUpcomingBikes" time="11.567"/>
  <testcase classname="TestCase.TC002_UsedCarsDetails" name="UsedCarDetails" time="23.237"/>
  <testcase classname="TestCase.TC003_GoogleLogin" name="verifyLoginPage" time="6.454"/>
  <testcase classname="TestCase.TC004_GoogleSignup" name="verifyLoginPage" time="9.062"/>
  <testcase classname="TestBase.BaseClass" name="@BeforeTest invokeBrowser" time="0.0">
    <ignored/>
  </testcase> <!-- @BeforeTest invokeBrowser -->
  <testcase classname="TestBase.BaseClass" name="@AfterTest tearDown" time="0.0">
    <ignored/>
  </testcase> <!-- @AfterTest tearDown -->
  <testcase classname="TestBase.BaseClass" name="@AfterTest tearDown" time="0.0">
    <ignored/>
  </testcase> <!-- @AfterTest tearDown -->
  <testcase classname="TestBase.BaseClass" name="@BeforeTest invokeBrowser" time="0.0">
    <ignored/>
  </testcase> <!-- @BeforeTest invokeBrowser -->
  <testcase classname="TestBase.BaseClass" name="@BeforeTest invokeBrowser" time="0.0">
    <ignored/>
  </testcase> <!-- @BeforeTest invokeBrowser -->
  <testcase classname="TestBase.BaseClass" name="@AfterTest tearDown" time="0.0">
    <ignored/>
  </testcase> <!-- @AfterTest tearDown -->
</testsuite> <!-- EdgeTest -->
