<?xml version="1.0" encoding="UTF-8"?>
<testng-results ignored="0" total="10" passed="10" failed="0" skipped="0">
  <reporter-output>
  </reporter-output>
  <suite started-at="2024-03-02T13:51:04 IST" name="Suite" finished-at="2024-03-02T13:55:00 IST" duration-ms="236710">
    <groups>
      <group name="regression">
        <method signature="TestCase1_UpcomingBikeDetails.clickNewBikes()[pri:0, instance:TestCase.TestCase1_UpcomingBikeDetails@23348b5d]" name="clickNewBikes" class="TestCase.TestCase1_UpcomingBikeDetails"/>
        <method signature="TestCase1_UpcomingBikeDetails.clickUpcomingBikes()[pri:0, instance:TestCase.TestCase1_UpcomingBikeDetails@23348b5d]" name="clickUpcomingBikes" class="TestCase.TestCase1_UpcomingBikeDetails"/>
        <method signature="TestCase2_UsedCarsDetails.UsedCarDetails()[pri:0, instance:TestCase.TestCase2_UsedCarsDetails@ae13544]" name="UsedCarDetails" class="TestCase.TestCase2_UsedCarsDetails"/>
        <method signature="TestCase3_GoogleLogin.verifyLoginPage()[pri:0, instance:TestCase.TestCase3_GoogleLogin@3d34d211]" name="verifyLoginPage" class="TestCase.TestCase3_GoogleLogin"/>
        <method signature="TestCase4_GoogleSignup.verifyLoginPage()[pri:0, instance:TestCase.TestCase4_GoogleSignup@7dc0f706]" name="verifyLoginPage" class="TestCase.TestCase4_GoogleSignup"/>
        <method signature="TestCase1_UpcomingBikeDetails.clickNewBikes()[pri:0, instance:TestCase.TestCase1_UpcomingBikeDetails@1ebd319f]" name="clickNewBikes" class="TestCase.TestCase1_UpcomingBikeDetails"/>
        <method signature="TestCase1_UpcomingBikeDetails.clickUpcomingBikes()[pri:0, instance:TestCase.TestCase1_UpcomingBikeDetails@1ebd319f]" name="clickUpcomingBikes" class="TestCase.TestCase1_UpcomingBikeDetails"/>
        <method signature="TestCase2_UsedCarsDetails.UsedCarDetails()[pri:0, instance:TestCase.TestCase2_UsedCarsDetails@3c0be339]" name="UsedCarDetails" class="TestCase.TestCase2_UsedCarsDetails"/>
        <method signature="TestCase3_GoogleLogin.verifyLoginPage()[pri:0, instance:TestCase.TestCase3_GoogleLogin@15ca7889]" name="verifyLoginPage" class="TestCase.TestCase3_GoogleLogin"/>
        <method signature="TestCase4_GoogleSignup.verifyLoginPage()[pri:0, instance:TestCase.TestCase4_GoogleSignup@7a675056]" name="verifyLoginPage" class="TestCase.TestCase4_GoogleSignup"/>
      </group> <!-- regression -->
      <group name="smoke">
        <method signature="TestCase1_UpcomingBikeDetails.clickNewBikes()[pri:0, instance:TestCase.TestCase1_UpcomingBikeDetails@23348b5d]" name="clickNewBikes" class="TestCase.TestCase1_UpcomingBikeDetails"/>
        <method signature="TestCase1_UpcomingBikeDetails.clickUpcomingBikes()[pri:0, instance:TestCase.TestCase1_UpcomingBikeDetails@23348b5d]" name="clickUpcomingBikes" class="TestCase.TestCase1_UpcomingBikeDetails"/>
        <method signature="TestCase3_GoogleLogin.verifyLoginPage()[pri:0, instance:TestCase.TestCase3_GoogleLogin@3d34d211]" name="verifyLoginPage" class="TestCase.TestCase3_GoogleLogin"/>
        <method signature="TestCase1_UpcomingBikeDetails.clickNewBikes()[pri:0, instance:TestCase.TestCase1_UpcomingBikeDetails@1ebd319f]" name="clickNewBikes" class="TestCase.TestCase1_UpcomingBikeDetails"/>
        <method signature="TestCase1_UpcomingBikeDetails.clickUpcomingBikes()[pri:0, instance:TestCase.TestCase1_UpcomingBikeDetails@1ebd319f]" name="clickUpcomingBikes" class="TestCase.TestCase1_UpcomingBikeDetails"/>
        <method signature="TestCase3_GoogleLogin.verifyLoginPage()[pri:0, instance:TestCase.TestCase3_GoogleLogin@15ca7889]" name="verifyLoginPage" class="TestCase.TestCase3_GoogleLogin"/>
      </group> <!-- smoke -->
      <group name="master">
        <method signature="TestCase1_UpcomingBikeDetails.clickNewBikes()[pri:0, instance:TestCase.TestCase1_UpcomingBikeDetails@23348b5d]" name="clickNewBikes" class="TestCase.TestCase1_UpcomingBikeDetails"/>
        <method signature="TestCase1_UpcomingBikeDetails.clickUpcomingBikes()[pri:0, instance:TestCase.TestCase1_UpcomingBikeDetails@23348b5d]" name="clickUpcomingBikes" class="TestCase.TestCase1_UpcomingBikeDetails"/>
        <method signature="TestCase2_UsedCarsDetails.UsedCarDetails()[pri:0, instance:TestCase.TestCase2_UsedCarsDetails@ae13544]" name="UsedCarDetails" class="TestCase.TestCase2_UsedCarsDetails"/>
        <method signature="TestCase3_GoogleLogin.verifyLoginPage()[pri:0, instance:TestCase.TestCase3_GoogleLogin@3d34d211]" name="verifyLoginPage" class="TestCase.TestCase3_GoogleLogin"/>
        <method signature="TestCase4_GoogleSignup.verifyLoginPage()[pri:0, instance:TestCase.TestCase4_GoogleSignup@7dc0f706]" name="verifyLoginPage" class="TestCase.TestCase4_GoogleSignup"/>
        <method signature="TestCase1_UpcomingBikeDetails.clickNewBikes()[pri:0, instance:TestCase.TestCase1_UpcomingBikeDetails@1ebd319f]" name="clickNewBikes" class="TestCase.TestCase1_UpcomingBikeDetails"/>
        <method signature="TestCase1_UpcomingBikeDetails.clickUpcomingBikes()[pri:0, instance:TestCase.TestCase1_UpcomingBikeDetails@1ebd319f]" name="clickUpcomingBikes" class="TestCase.TestCase1_UpcomingBikeDetails"/>
        <method signature="TestCase2_UsedCarsDetails.UsedCarDetails()[pri:0, instance:TestCase.TestCase2_UsedCarsDetails@3c0be339]" name="UsedCarDetails" class="TestCase.TestCase2_UsedCarsDetails"/>
        <method signature="TestCase3_GoogleLogin.verifyLoginPage()[pri:0, instance:TestCase.TestCase3_GoogleLogin@15ca7889]" name="verifyLoginPage" class="TestCase.TestCase3_GoogleLogin"/>
        <method signature="TestCase4_GoogleSignup.verifyLoginPage()[pri:0, instance:TestCase.TestCase4_GoogleSignup@7a675056]" name="verifyLoginPage" class="TestCase.TestCase4_GoogleSignup"/>
      </group> <!-- master -->
    </groups>
    <test started-at="2024-03-02T13:51:04 IST" name="ChromeTest" finished-at="2024-03-02T13:53:06 IST" duration-ms="122515">
      <class name="TestCase.TestCase3_GoogleLogin">
        <test-method signature="verifyLoginPage()[pri:0, instance:TestCase.TestCase3_GoogleLogin@3d34d211]" started-at="2024-03-02T13:52:45 IST" name="verifyLoginPage" finished-at="2024-03-02T13:52:52 IST" duration-ms="6809" status="PASS">
          <reporter-output>
          </reporter-output>
        </test-method> <!-- verifyLoginPage -->
      </class> <!-- TestCase.TestCase3_GoogleLogin -->
      <class name="TestCase.TestCase1_UpcomingBikeDetails">
        <test-method is-config="true" signature="invokeBrowser(java.lang.String,java.lang.String)[pri:0, instance:TestCase.TestCase1_UpcomingBikeDetails@23348b5d]" started-at="2024-03-02T13:51:04 IST" name="invokeBrowser" finished-at="2024-03-02T13:51:31 IST" duration-ms="26878" status="PASS">
          <params>
            <param index="0">
              <value>
                <![CDATA[Windows]]>
              </value>
            </param>
            <param index="1">
              <value>
                <![CDATA[chrome]]>
              </value>
            </param>
          </params>
          <reporter-output>
          </reporter-output>
        </test-method> <!-- invokeBrowser -->
        <test-method signature="clickNewBikes()[pri:0, instance:TestCase.TestCase1_UpcomingBikeDetails@23348b5d]" started-at="2024-03-02T13:51:31 IST" name="clickNewBikes" finished-at="2024-03-02T13:51:50 IST" duration-ms="18650" status="PASS">
          <reporter-output>
          </reporter-output>
        </test-method> <!-- clickNewBikes -->
        <test-method signature="clickUpcomingBikes()[pri:0, instance:TestCase.TestCase1_UpcomingBikeDetails@23348b5d]" started-at="2024-03-02T13:51:51 IST" name="clickUpcomingBikes" finished-at="2024-03-02T13:52:19 IST" depends-on-methods="TestCase.TestCase1_UpcomingBikeDetails.clickNewBikes" duration-ms="28754" status="PASS">
          <reporter-output>
          </reporter-output>
        </test-method> <!-- clickUpcomingBikes -->
        <test-method is-config="true" signature="tearDown()[pri:0, instance:TestCase.TestCase1_UpcomingBikeDetails@23348b5d]" started-at="2024-03-02T13:53:05 IST" name="tearDown" finished-at="2024-03-02T13:53:06 IST" duration-ms="1317" status="PASS">
          <reporter-output>
          </reporter-output>
        </test-method> <!-- tearDown -->
      </class> <!-- TestCase.TestCase1_UpcomingBikeDetails -->
      <class name="TestCase.TestCase2_UsedCarsDetails">
        <test-method signature="UsedCarDetails()[pri:0, instance:TestCase.TestCase2_UsedCarsDetails@ae13544]" started-at="2024-03-02T13:52:20 IST" name="UsedCarDetails" finished-at="2024-03-02T13:52:45 IST" duration-ms="24287" status="PASS">
          <reporter-output>
          </reporter-output>
        </test-method> <!-- UsedCarDetails -->
      </class> <!-- TestCase.TestCase2_UsedCarsDetails -->
      <class name="TestCase.TestCase4_GoogleSignup">
        <test-method signature="verifyLoginPage()[pri:0, instance:TestCase.TestCase4_GoogleSignup@7dc0f706]" started-at="2024-03-02T13:52:53 IST" name="verifyLoginPage" finished-at="2024-03-02T13:53:05 IST" duration-ms="11941" status="PASS">
          <reporter-output>
          </reporter-output>
        </test-method> <!-- verifyLoginPage -->
      </class> <!-- TestCase.TestCase4_GoogleSignup -->
    </test> <!-- ChromeTest -->
    <test started-at="2024-03-02T13:53:18 IST" name="EdgeTest" finished-at="2024-03-02T13:55:00 IST" duration-ms="102170">
      <class name="TestCase.TestCase3_GoogleLogin">
        <test-method signature="verifyLoginPage()[pri:0, instance:TestCase.TestCase3_GoogleLogin@15ca7889]" started-at="2024-03-02T13:54:41 IST" name="verifyLoginPage" finished-at="2024-03-02T13:54:47 IST" duration-ms="6062" status="PASS">
          <reporter-output>
          </reporter-output>
        </test-method> <!-- verifyLoginPage -->
      </class> <!-- TestCase.TestCase3_GoogleLogin -->
      <class name="TestCase.TestCase1_UpcomingBikeDetails">
        <test-method is-config="true" signature="invokeBrowser(java.lang.String,java.lang.String)[pri:0, instance:TestCase.TestCase1_UpcomingBikeDetails@1ebd319f]" started-at="2024-03-02T13:53:18 IST" name="invokeBrowser" finished-at="2024-03-02T13:53:37 IST" duration-ms="19104" status="PASS">
          <params>
            <param index="0">
              <value>
                <![CDATA[Edge]]>
              </value>
            </param>
            <param index="1">
              <value>
                <![CDATA[edge]]>
              </value>
            </param>
          </params>
          <reporter-output>
          </reporter-output>
        </test-method> <!-- invokeBrowser -->
        <test-method signature="clickNewBikes()[pri:0, instance:TestCase.TestCase1_UpcomingBikeDetails@1ebd319f]" started-at="2024-03-02T13:53:37 IST" name="clickNewBikes" finished-at="2024-03-02T13:53:46 IST" duration-ms="9262" status="PASS">
          <reporter-output>
          </reporter-output>
        </test-method> <!-- clickNewBikes -->
        <test-method signature="clickUpcomingBikes()[pri:0, instance:TestCase.TestCase1_UpcomingBikeDetails@1ebd319f]" started-at="2024-03-02T13:53:47 IST" name="clickUpcomingBikes" finished-at="2024-03-02T13:54:12 IST" depends-on-methods="TestCase.TestCase1_UpcomingBikeDetails.clickNewBikes" duration-ms="24849" status="PASS">
          <reporter-output>
          </reporter-output>
        </test-method> <!-- clickUpcomingBikes -->
        <test-method is-config="true" signature="tearDown()[pri:0, instance:TestCase.TestCase1_UpcomingBikeDetails@1ebd319f]" started-at="2024-03-02T13:54:58 IST" name="tearDown" finished-at="2024-03-02T13:55:00 IST" duration-ms="2517" status="PASS">
          <reporter-output>
          </reporter-output>
        </test-method> <!-- tearDown -->
      </class> <!-- TestCase.TestCase1_UpcomingBikeDetails -->
      <class name="TestCase.TestCase2_UsedCarsDetails">
        <test-method signature="UsedCarDetails()[pri:0, instance:TestCase.TestCase2_UsedCarsDetails@3c0be339]" started-at="2024-03-02T13:54:13 IST" name="UsedCarDetails" finished-at="2024-03-02T13:54:41 IST" duration-ms="27922" status="PASS">
          <reporter-output>
          </reporter-output>
        </test-method> <!-- UsedCarDetails -->
      </class> <!-- TestCase.TestCase2_UsedCarsDetails -->
      <class name="TestCase.TestCase4_GoogleSignup">
        <test-method signature="verifyLoginPage()[pri:0, instance:TestCase.TestCase4_GoogleSignup@7a675056]" started-at="2024-03-02T13:54:48 IST" name="verifyLoginPage" finished-at="2024-03-02T13:54:58 IST" duration-ms="9336" status="PASS">
          <reporter-output>
          </reporter-output>
        </test-method> <!-- verifyLoginPage -->
      </class> <!-- TestCase.TestCase4_GoogleSignup -->
    </test> <!-- EdgeTest -->
  </suite> <!-- Suite -->
</testng-results>
