<?xml version="1.0" encoding="UTF-8"?>
<testng-results ignored="0" total="10" passed="10" failed="0" skipped="0">
  <reporter-output>
  </reporter-output>
  <suite started-at="2024-03-04T17:19:04 IST" name="Suite" finished-at="2024-03-04T17:21:30 IST" duration-ms="145571">
    <groups>
      <group name="regression">
        <method signature="TC001_UpBikeDetails.clickNewBikes()[pri:0, instance:TestCase.TC001_UpBikeDetails@20d525]" name="clickNewBikes" class="TestCase.TC001_UpBikeDetails"/>
        <method signature="TC001_UpBikeDetails.clickUpcomingBikes()[pri:0, instance:TestCase.TC001_UpBikeDetails@20d525]" name="clickUpcomingBikes" class="TestCase.TC001_UpBikeDetails"/>
        <method signature="TC002_UsedCarsDetails.UsedCarDetails()[pri:0, instance:TestCase.TC002_UsedCarsDetails@43c1b556]" name="UsedCarDetails" class="TestCase.TC002_UsedCarsDetails"/>
        <method signature="TC003_GoogleLogin.verifyLoginPage()[pri:0, instance:TestCase.TC003_GoogleLogin@587e5365]" name="verifyLoginPage" class="TestCase.TC003_GoogleLogin"/>
        <method signature="TC004_GoogleSignup.verifyLoginPage()[pri:0, instance:TestCase.TC004_GoogleSignup@22fcf7ab]" name="verifyLoginPage" class="TestCase.TC004_GoogleSignup"/>
        <method signature="TC001_UpBikeDetails.clickNewBikes()[pri:0, instance:TestCase.TC001_UpBikeDetails@7a675056]" name="clickNewBikes" class="TestCase.TC001_UpBikeDetails"/>
        <method signature="TC001_UpBikeDetails.clickUpcomingBikes()[pri:0, instance:TestCase.TC001_UpBikeDetails@7a675056]" name="clickUpcomingBikes" class="TestCase.TC001_UpBikeDetails"/>
        <method signature="TC002_UsedCarsDetails.UsedCarDetails()[pri:0, instance:TestCase.TC002_UsedCarsDetails@d21a74c]" name="UsedCarDetails" class="TestCase.TC002_UsedCarsDetails"/>
        <method signature="TC003_GoogleLogin.verifyLoginPage()[pri:0, instance:TestCase.TC003_GoogleLogin@6e509ffa]" name="verifyLoginPage" class="TestCase.TC003_GoogleLogin"/>
        <method signature="TC004_GoogleSignup.verifyLoginPage()[pri:0, instance:TestCase.TC004_GoogleSignup@2898ac89]" name="verifyLoginPage" class="TestCase.TC004_GoogleSignup"/>
      </group> <!-- regression -->
      <group name="smoke">
        <method signature="TC001_UpBikeDetails.clickNewBikes()[pri:0, instance:TestCase.TC001_UpBikeDetails@20d525]" name="clickNewBikes" class="TestCase.TC001_UpBikeDetails"/>
        <method signature="TC001_UpBikeDetails.clickUpcomingBikes()[pri:0, instance:TestCase.TC001_UpBikeDetails@20d525]" name="clickUpcomingBikes" class="TestCase.TC001_UpBikeDetails"/>
        <method signature="TC003_GoogleLogin.verifyLoginPage()[pri:0, instance:TestCase.TC003_GoogleLogin@587e5365]" name="verifyLoginPage" class="TestCase.TC003_GoogleLogin"/>
        <method signature="TC001_UpBikeDetails.clickNewBikes()[pri:0, instance:TestCase.TC001_UpBikeDetails@7a675056]" name="clickNewBikes" class="TestCase.TC001_UpBikeDetails"/>
        <method signature="TC001_UpBikeDetails.clickUpcomingBikes()[pri:0, instance:TestCase.TC001_UpBikeDetails@7a675056]" name="clickUpcomingBikes" class="TestCase.TC001_UpBikeDetails"/>
        <method signature="TC003_GoogleLogin.verifyLoginPage()[pri:0, instance:TestCase.TC003_GoogleLogin@6e509ffa]" name="verifyLoginPage" class="TestCase.TC003_GoogleLogin"/>
      </group> <!-- smoke -->
      <group name="master">
        <method signature="TC001_UpBikeDetails.clickNewBikes()[pri:0, instance:TestCase.TC001_UpBikeDetails@20d525]" name="clickNewBikes" class="TestCase.TC001_UpBikeDetails"/>
        <method signature="TC001_UpBikeDetails.clickUpcomingBikes()[pri:0, instance:TestCase.TC001_UpBikeDetails@20d525]" name="clickUpcomingBikes" class="TestCase.TC001_UpBikeDetails"/>
        <method signature="TC002_UsedCarsDetails.UsedCarDetails()[pri:0, instance:TestCase.TC002_UsedCarsDetails@43c1b556]" name="UsedCarDetails" class="TestCase.TC002_UsedCarsDetails"/>
        <method signature="TC003_GoogleLogin.verifyLoginPage()[pri:0, instance:TestCase.TC003_GoogleLogin@587e5365]" name="verifyLoginPage" class="TestCase.TC003_GoogleLogin"/>
        <method signature="TC004_GoogleSignup.verifyLoginPage()[pri:0, instance:TestCase.TC004_GoogleSignup@22fcf7ab]" name="verifyLoginPage" class="TestCase.TC004_GoogleSignup"/>
        <method signature="TC001_UpBikeDetails.clickNewBikes()[pri:0, instance:TestCase.TC001_UpBikeDetails@7a675056]" name="clickNewBikes" class="TestCase.TC001_UpBikeDetails"/>
        <method signature="TC001_UpBikeDetails.clickUpcomingBikes()[pri:0, instance:TestCase.TC001_UpBikeDetails@7a675056]" name="clickUpcomingBikes" class="TestCase.TC001_UpBikeDetails"/>
        <method signature="TC002_UsedCarsDetails.UsedCarDetails()[pri:0, instance:TestCase.TC002_UsedCarsDetails@d21a74c]" name="UsedCarDetails" class="TestCase.TC002_UsedCarsDetails"/>
        <method signature="TC003_GoogleLogin.verifyLoginPage()[pri:0, instance:TestCase.TC003_GoogleLogin@6e509ffa]" name="verifyLoginPage" class="TestCase.TC003_GoogleLogin"/>
        <method signature="TC004_GoogleSignup.verifyLoginPage()[pri:0, instance:TestCase.TC004_GoogleSignup@2898ac89]" name="verifyLoginPage" class="TestCase.TC004_GoogleSignup"/>
      </group> <!-- master -->
    </groups>
    <test started-at="2024-03-04T17:19:04 IST" name="ChromeTest" finished-at="2024-03-04T17:20:13 IST" duration-ms="69356">
      <class name="TestCase.TC004_GoogleSignup">
        <test-method signature="verifyLoginPage()[pri:0, instance:TestCase.TC004_GoogleSignup@22fcf7ab]" started-at="2024-03-04T17:20:03 IST" name="verifyLoginPage" finished-at="2024-03-04T17:20:12 IST" duration-ms="9079" status="PASS">
          <reporter-output>
          </reporter-output>
        </test-method> <!-- verifyLoginPage -->
      </class> <!-- TestCase.TC004_GoogleSignup -->
      <class name="TestCase.TC001_UpBikeDetails">
        <test-method is-config="true" signature="invokeBrowser(java.lang.String,java.lang.String)[pri:0, instance:TestCase.TC001_UpBikeDetails@20d525]" started-at="2024-03-04T17:19:05 IST" name="invokeBrowser" finished-at="2024-03-04T17:19:16 IST" duration-ms="11720" status="PASS">
          <params>
            <param index="0">
              <value>
                <![CDATA[Windows]]>
              </value>
            </param>
            <param index="1">
              <value>
                <![CDATA[chrome]]>
              </value>
            </param>
          </params>
          <reporter-output>
          </reporter-output>
        </test-method> <!-- invokeBrowser -->
        <test-method signature="clickNewBikes()[pri:0, instance:TestCase.TC001_UpBikeDetails@20d525]" started-at="2024-03-04T17:19:16 IST" name="clickNewBikes" finished-at="2024-03-04T17:19:23 IST" duration-ms="6602" status="PASS">
          <reporter-output>
          </reporter-output>
        </test-method> <!-- clickNewBikes -->
        <test-method signature="clickUpcomingBikes()[pri:0, instance:TestCase.TC001_UpBikeDetails@20d525]" started-at="2024-03-04T17:19:23 IST" name="clickUpcomingBikes" finished-at="2024-03-04T17:19:38 IST" depends-on-methods="TestCase.TC001_UpBikeDetails.clickNewBikes" duration-ms="14343" status="PASS">
          <reporter-output>
          </reporter-output>
        </test-method> <!-- clickUpcomingBikes -->
        <test-method is-config="true" signature="tearDown()[pri:0, instance:TestCase.TC001_UpBikeDetails@20d525]" started-at="2024-03-04T17:20:12 IST" name="tearDown" finished-at="2024-03-04T17:20:13 IST" duration-ms="1409" status="PASS">
          <reporter-output>
          </reporter-output>
        </test-method> <!-- tearDown -->
      </class> <!-- TestCase.TC001_UpBikeDetails -->
      <class name="TestCase.TC003_GoogleLogin">
        <test-method signature="verifyLoginPage()[pri:0, instance:TestCase.TC003_GoogleLogin@587e5365]" started-at="2024-03-04T17:19:58 IST" name="verifyLoginPage" finished-at="2024-03-04T17:20:02 IST" duration-ms="4402" status="PASS">
          <reporter-output>
          </reporter-output>
        </test-method> <!-- verifyLoginPage -->
      </class> <!-- TestCase.TC003_GoogleLogin -->
      <class name="TestCase.TC002_UsedCarsDetails">
        <test-method signature="UsedCarDetails()[pri:0, instance:TestCase.TC002_UsedCarsDetails@43c1b556]" started-at="2024-03-04T17:19:38 IST" name="UsedCarDetails" finished-at="2024-03-04T17:19:58 IST" duration-ms="19472" status="PASS">
          <reporter-output>
          </reporter-output>
        </test-method> <!-- UsedCarDetails -->
      </class> <!-- TestCase.TC002_UsedCarsDetails -->
    </test> <!-- ChromeTest -->
    <test started-at="2024-03-04T17:20:15 IST" name="EdgeTest" finished-at="2024-03-04T17:21:30 IST" duration-ms="74395">
      <class name="TestCase.TC004_GoogleSignup">
        <test-method signature="verifyLoginPage()[pri:0, instance:TestCase.TC004_GoogleSignup@2898ac89]" started-at="2024-03-04T17:21:19 IST" name="verifyLoginPage" finished-at="2024-03-04T17:21:28 IST" duration-ms="9062" status="PASS">
          <reporter-output>
          </reporter-output>
        </test-method> <!-- verifyLoginPage -->
      </class> <!-- TestCase.TC004_GoogleSignup -->
      <class name="TestCase.TC001_UpBikeDetails">
        <test-method is-config="true" signature="invokeBrowser(java.lang.String,java.lang.String)[pri:0, instance:TestCase.TC001_UpBikeDetails@7a675056]" started-at="2024-03-04T17:20:15 IST" name="invokeBrowser" finished-at="2024-03-04T17:20:25 IST" duration-ms="10164" status="PASS">
          <params>
            <param index="0">
              <value>
                <![CDATA[Edge]]>
              </value>
            </param>
            <param index="1">
              <value>
                <![CDATA[edge]]>
              </value>
            </param>
          </params>
          <reporter-output>
          </reporter-output>
        </test-method> <!-- invokeBrowser -->
        <test-method signature="clickNewBikes()[pri:0, instance:TestCase.TC001_UpBikeDetails@7a675056]" started-at="2024-03-04T17:20:25 IST" name="clickNewBikes" finished-at="2024-03-04T17:20:35 IST" duration-ms="9641" status="PASS">
          <reporter-output>
          </reporter-output>
        </test-method> <!-- clickNewBikes -->
        <test-method signature="clickUpcomingBikes()[pri:0, instance:TestCase.TC001_UpBikeDetails@7a675056]" started-at="2024-03-04T17:20:36 IST" name="clickUpcomingBikes" finished-at="2024-03-04T17:20:47 IST" depends-on-methods="TestCase.TC001_UpBikeDetails.clickNewBikes" duration-ms="11567" status="PASS">
          <reporter-output>
          </reporter-output>
        </test-method> <!-- clickUpcomingBikes -->
        <test-method is-config="true" signature="tearDown()[pri:0, instance:TestCase.TC001_UpBikeDetails@7a675056]" started-at="2024-03-04T17:21:28 IST" name="tearDown" finished-at="2024-03-04T17:21:30 IST" duration-ms="1577" status="PASS">
          <reporter-output>
          </reporter-output>
        </test-method> <!-- tearDown -->
      </class> <!-- TestCase.TC001_UpBikeDetails -->
      <class name="TestCase.TC003_GoogleLogin">
        <test-method signature="verifyLoginPage()[pri:0, instance:TestCase.TC003_GoogleLogin@6e509ffa]" started-at="2024-03-04T17:21:12 IST" name="verifyLoginPage" finished-at="2024-03-04T17:21:18 IST" duration-ms="6454" status="PASS">
          <reporter-output>
          </reporter-output>
        </test-method> <!-- verifyLoginPage -->
      </class> <!-- TestCase.TC003_GoogleLogin -->
      <class name="TestCase.TC002_UsedCarsDetails">
        <test-method signature="UsedCarDetails()[pri:0, instance:TestCase.TC002_UsedCarsDetails@d21a74c]" started-at="2024-03-04T17:20:48 IST" name="UsedCarDetails" finished-at="2024-03-04T17:21:11 IST" duration-ms="23237" status="PASS">
          <reporter-output>
          </reporter-output>
        </test-method> <!-- UsedCarDetails -->
      </class> <!-- TestCase.TC002_UsedCarsDetails -->
    </test> <!-- EdgeTest -->
  </suite> <!-- Suite -->
</testng-results>
